<?xml version="1.0" encoding="UTF-8"?>
<!-- Generated by org.testng.reporters.JUnitXMLReporter -->
<testsuite ignored="0" hostname="LAPTOP-09UMECHV" failures="0" tests="3" name="Default test" time="9.336" errors="0" timestamp="07 Jun 2025 16:47:36 GMT">
  <testcase classname="Swag_Labs.LoginTest" name="LoginSuccessTest" time="0.492"/>
  <testcase classname="Swag_Labs.LoginTest" name="LoginFailureTest" time="0.342"/>
  <testcase classname="Swag_Labs.LoginTest" name="LoginLogoutUser" time="0.401"/>
</testsuite> <!-- Default test -->
