<?xml version="1.0" encoding="UTF-8"?>
<!-- Generated by org.testng.reporters.JUnitXMLReporter -->
<testsuite ignored="2" hostname="LAPTOP-09UMECHV" failures="0" tests="2" name="Test" time="0.036" errors="0" timestamp="05 Apr 2025 16:43:49 GMT">
  <testcase classname="testng.annotationsExample2" name="test3" time="0.009"/>
  <testcase classname="testng.annotationsExample2" name="test4" time="0.002"/>
  <testcase classname="testng.annotations" name="Test2" time="0.0">
    <ignored/>
  </testcase> <!-- Test2 -->
  <testcase classname="testng.annotations" name="Test1" time="0.0">
    <ignored/>
  </testcase> <!-- Test1 -->
</testsuite> <!-- Test -->
