<?xml version="1.0" encoding="UTF-8"?>
<!-- Generated by org.testng.reporters.JUnitXMLReporter -->
<testsuite ignored="0" hostname="LAPTOP-09UMECHV" failures="0" tests="3" name="Test" time="10.181" errors="0" timestamp="07 Jun 2025 17:45:30 GMT">
  <testcase classname="Swag_Labs.LoginTest" name="LoginSuccessTest" time="0.517"/>
  <testcase classname="Swag_Labs.LoginTest" name="LoginFailureTest" time="0.354"/>
  <testcase classname="Swag_Labs.LoginTest" name="LoginLogoutUser" time="0.343"/>
</testsuite> <!-- Test -->
