<?xml version="1.0" encoding="UTF-8"?>
<!-- Generated by org.testng.reporters.JUnitXMLReporter -->
<testsuite ignored="0" hostname="LAPTOP-09UMECHV" failures="0" tests="3" name="Test" time="29.073" errors="0" timestamp="08 Jun 2025 14:01:22 GMT">
  <testcase classname="Swag_Labs.LoginTest" name="LoginSuccessTest" time="0.943"/>
  <testcase classname="Swag_Labs.LoginTest" name="LoginFailureTest" time="0.449"/>
  <testcase classname="Swag_Labs.LoginTest" name="LoginLogoutUser" time="0.516"/>
</testsuite> <!-- Test -->
