<?xml version="1.0" encoding="UTF-8"?>
<!-- Generated by org.testng.reporters.JUnitXMLReporter -->
<testsuite ignored="0" hostname="LAPTOP-09UMECHV" failures="0" tests="3" name="Test" time="14.039" errors="0" timestamp="08 Jun 2025 15:11:35 GMT">
  <testcase classname="Swag_Labs.LoginTest" name="LoginSuccessTest" time="0.346"/>
  <testcase classname="Swag_Labs.LoginTest" name="LoginFailureTest" time="0.302"/>
  <testcase classname="Swag_Labs.LoginTest" name="LoginLogoutUser" time="0.355"/>
</testsuite> <!-- Test -->
